# JRE version: Java(TM) SE Runtime Environment (8.0_141-b15) (build 1.8.0_141-b15)
# Java VM: Java HotSpot(TM) 64-Bit Server VM (25.141-b15 mixed mode windows-amd64 compressed oops)
Heap:
 PSYoungGen      total 179712K, used 59026K [0x00000000eab00000, 0x00000000f7c80000, 0x0000000100000000)
  eden space 144896K, 34% used [0x00000000eab00000,0x00000000edc02e78,0x00000000f3880000)
  from space 34816K, 25% used [0x00000000f5a80000,0x00000000f6321bd8,0x00000000f7c80000)
  to   space 34816K, 0% used [0x00000000f3880000,0x00000000f3880000,0x00000000f5a80000)
 ParOldGen       total 108544K, used 37008K [0x00000000c0000000, 0x00000000c6a00000, 0x00000000eab00000)
  object space 108544K, 34% used [0x00000000c0000000,0x00000000c2424080,0x00000000c6a00000)
 Metaspace       used 41836K, capacity 42850K, committed 43056K, reserved 1085440K
  class space    used 5749K, capacity 6119K, committed 6192K, reserved 1048576K
GC Heap History (10 events):
Event: 69.327 GC heap before
{Heap before GC invocations=10 (full 1):
 PSYoungGen      total 95232K, used 95208K [0x00000000eab00000, 0x00000000f2880000, 0x0000000100000000)
  eden space 83968K, 100% used [0x00000000eab00000,0x00000000efd00000,0x00000000efd00000)
  from space 11264K, 99% used [0x00000000f0c80000,0x00000000f177a070,0x00000000f1780000)
  to   space 15872K, 0% used [0x00000000efd00000,0x00000000efd00000,0x00000000f0c80000)
 ParOldGen       total 58368K, used 16176K [0x00000000c0000000, 0x00000000c3900000, 0x00000000eab00000)
  object space 58368K, 27% used [0x00000000c0000000,0x00000000c0fcc0a0,0x00000000c3900000)
 Metaspace       used 25862K, capacity 26264K, committed 26544K, reserved 1073152K
  class space    used 3524K, capacity 3643K, committed 3760K, reserved 1048576K
Event: 69.353 GC heap after
Heap after GC invocations=10 (full 1):
 PSYoungGen      total 99840K, used 14536K [0x00000000eab00000, 0x00000000f3880000, 0x0000000100000000)
  eden space 83968K, 0% used [0x00000000eab00000,0x00000000eab00000,0x00000000efd00000)
  from space 15872K, 91% used [0x00000000efd00000,0x00000000f0b32050,0x00000000f0c80000)
  to   space 17920K, 0% used [0x00000000f2700000,0x00000000f2700000,0x00000000f3880000)
 ParOldGen       total 58368K, used 18759K [0x00000000c0000000, 0x00000000c3900000, 0x00000000eab00000)
  object space 58368K, 32% used [0x00000000c0000000,0x00000000c1251c78,0x00000000c3900000)
 Metaspace       used 25862K, capacity 26264K, committed 26544K, reserved 1073152K
  class space    used 3524K, capacity 3643K, committed 3760K, reserved 1048576K
}
Event: 87.258 GC heap before
{Heap before GC invocations=11 (full 1):
 PSYoungGen      total 99840K, used 98504K [0x00000000eab00000, 0x00000000f3880000, 0x0000000100000000)
  eden space 83968K, 100% used [0x00000000eab00000,0x00000000efd00000,0x00000000efd00000)
  from space 15872K, 91% used [0x00000000efd00000,0x00000000f0b32050,0x00000000f0c80000)
  to   space 17920K, 0% used [0x00000000f2700000,0x00000000f2700000,0x00000000f3880000)
 ParOldGen       total 58368K, used 18759K [0x00000000c0000000, 0x00000000c3900000, 0x00000000eab00000)
  object space 58368K, 32% used [0x00000000c0000000,0x00000000c1251c78,0x00000000c3900000)
 Metaspace       used 26616K, capacity 27112K, committed 27440K, reserved 1073152K
  class space    used 3612K, capacity 3778K, committed 3888K, reserved 1048576K
Event: 87.362 GC heap after
Heap after GC invocations=11 (full 1):
 PSYoungGen      total 119296K, used 17888K [0x00000000eab00000, 0x00000000f4800000, 0x0000000100000000)
  eden space 101376K, 0% used [0x00000000eab00000,0x00000000eab00000,0x00000000f0e00000)
  from space 17920K, 99% used [0x00000000f2700000,0x00000000f3878060,0x00000000f3880000)
  to   space 25600K, 0% used [0x00000000f0e00000,0x00000000f0e00000,0x00000000f2700000)
 ParOldGen       total 58368K, used 33048K [0x00000000c0000000, 0x00000000c3900000, 0x00000000eab00000)
  object space 58368K, 56% used [0x00000000c0000000,0x00000000c2046200,0x00000000c3900000)
 Metaspace       used 26616K, capacity 27112K, committed 27440K, reserved 1073152K
  class space    used 3612K, capacity 3778K, committed 3888K, reserved 1048576K
}
Event: 92.004 GC heap before
{Heap before GC invocations=12 (full 1):
 PSYoungGen      total 119296K, used 119264K [0x00000000eab00000, 0x00000000f4800000, 0x0000000100000000)
  eden space 101376K, 100% used [0x00000000eab00000,0x00000000f0e00000,0x00000000f0e00000)
  from space 17920K, 99% used [0x00000000f2700000,0x00000000f3878060,0x00000000f3880000)
  to   space 25600K, 0% used [0x00000000f0e00000,0x00000000f0e00000,0x00000000f2700000)
 ParOldGen       total 58368K, used 33048K [0x00000000c0000000, 0x00000000c3900000, 0x00000000eab00000)
  object space 58368K, 56% used [0x00000000c0000000,0x00000000c2046200,0x00000000c3900000)
 Metaspace       used 28865K, capacity 29540K, committed 29872K, reserved 1075200K
  class space    used 3933K, capacity 4204K, committed 4272K, reserved 1048576K
Event: 92.159 GC heap after
Heap after GC invocations=12 (full 1):
 PSYoungGen      total 126976K, used 25580K [0x00000000eab00000, 0x00000000f7d80000, 0x0000000100000000)
  eden space 101376K, 0% used [0x00000000eab00000,0x00000000eab00000,0x00000000f0e00000)
  from space 25600K, 99% used [0x00000000f0e00000,0x00000000f26fb0b8,0x00000000f2700000)
  to   space 35840K, 0% used [0x00000000f5a80000,0x00000000f5a80000,0x00000000f7d80000)
 ParOldGen       total 58368K, used 50535K [0x00000000c0000000, 0x00000000c3900000, 0x00000000eab00000)
  object space 58368K, 86% used [0x00000000c0000000,0x00000000c3159fe8,0x00000000c3900000)
 Metaspace       used 28865K, capacity 29540K, committed 29872K, reserved 1075200K
  class space    used 3933K, capacity 4204K, committed 4272K, reserved 1048576K
}
Event: 92.159 GC heap before
{Heap before GC invocations=13 (full 2):
 PSYoungGen      total 126976K, used 25580K [0x00000000eab00000, 0x00000000f7d80000, 0x0000000100000000)
  eden space 101376K, 0% used [0x00000000eab00000,0x00000000eab00000,0x00000000f0e00000)
  from space 25600K, 99% used [0x00000000f0e00000,0x00000000f26fb0b8,0x00000000f2700000)
  to   space 35840K, 0% used [0x00000000f5a80000,0x00000000f5a80000,0x00000000f7d80000)
 ParOldGen       total 58368K, used 50535K [0x00000000c0000000, 0x00000000c3900000, 0x00000000eab00000)
  object space 58368K, 86% used [0x00000000c0000000,0x00000000c3159fe8,0x00000000c3900000)
 Metaspace       used 28865K, capacity 29540K, committed 29872K, reserved 1075200K
  class space    used 3933K, capacity 4204K, committed 4272K, reserved 1048576K
Event: 92.406 GC heap after
Heap after GC invocations=13 (full 2):
 PSYoungGen      total 126976K, used 0K [0x00000000eab00000, 0x00000000f7d80000, 0x0000000100000000)
  eden space 101376K, 0% used [0x00000000eab00000,0x00000000eab00000,0x00000000f0e00000)
  from space 25600K, 0% used [0x00000000f0e00000,0x00000000f0e00000,0x00000000f2700000)
  to   space 35840K, 0% used [0x00000000f5a80000,0x00000000f5a80000,0x00000000f7d80000)
 ParOldGen       total 108544K, used 37000K [0x00000000c0000000, 0x00000000c6a00000, 0x00000000eab00000)
  object space 108544K, 34% used [0x00000000c0000000,0x00000000c2422080,0x00000000c6a00000)
 Metaspace       used 28865K, capacity 29540K, committed 29872K, reserved 1075200K
  class space    used 3933K, capacity 4204K, committed 4272K, reserved 1048576K
}
Event: 95.365 GC heap before
{Heap before GC invocations=14 (full 2):
 PSYoungGen      total 126976K, used 101376K [0x00000000eab00000, 0x00000000f7d80000, 0x0000000100000000)
  eden space 101376K, 100% used [0x00000000eab00000,0x00000000f0e00000,0x00000000f0e00000)
  from space 25600K, 0% used [0x00000000f0e00000,0x00000000f0e00000,0x00000000f2700000)
  to   space 35840K, 0% used [0x00000000f5a80000,0x00000000f5a80000,0x00000000f7d80000)
 ParOldGen       total 108544K, used 37000K [0x00000000c0000000, 0x00000000c6a00000, 0x00000000eab00000)
  object space 108544K, 34% used [0x00000000c0000000,0x00000000c2422080,0x00000000c6a00000)
 Metaspace       used 33991K, capacity 34758K, committed 34992K, reserved 1079296K
  class space    used 4729K, capacity 5026K, committed 5040K, reserved 1048576K
Event: 95.382 GC heap after
Heap after GC invocations=14 (full 2):
 PSYoungGen      total 179712K, used 8838K [0x00000000eab00000, 0x00000000f7c80000, 0x0000000100000000)
  eden space 144896K, 0% used [0x00000000eab00000,0x00000000eab00000,0x00000000f3880000)
  from space 34816K, 25% used [0x00000000f5a80000,0x00000000f6321bd8,0x00000000f7c80000)
  to   space 34816K, 0% used [0x00000000f3880000,0x00000000f3880000,0x00000000f5a80000)
 ParOldGen       total 108544K, used 37008K [0x00000000c0000000, 0x00000000c6a00000, 0x00000000eab00000)
  object space 108544K, 34% used [0x00000000c0000000,0x00000000c2424080,0x00000000c6a00000)
 Metaspace       used 33991K, capacity 34758K, committed 34992K, reserved 1079296K
  class space    used 4729K, capacity 5026K, committed 5040K, reserved 1048576K
}

