# JRE version: Java(TM) SE Runtime Environment (8.0_141-b15) (build 1.8.0_141-b15)
# Java VM: Java HotSpot(TM) 64-Bit Server VM (25.141-b15 mixed mode windows-amd64 compressed oops)
Heap:
 PSYoungGen      total 288256K, used 129463K [0x00000000eab00000, 0x0000000100000000, 0x0000000100000000)
  eden space 229376K, 52% used [0x00000000eab00000,0x00000000f20a5aa0,0x00000000f8b00000)
  from space 58880K, 15% used [0x00000000f8b00000,0x00000000f93c8300,0x00000000fc480000)
  to   space 59392K, 0% used [0x00000000fc600000,0x00000000fc600000,0x0000000100000000)
 ParOldGen       total 280064K, used 169870K [0x00000000c0000000, 0x00000000d1180000, 0x00000000eab00000)
  object space 280064K, 60% used [0x00000000c0000000,0x00000000ca5e3820,0x00000000d1180000)
 Metaspace       used 123255K, capacity 133120K, committed 133400K, reserved 1163264K
  class space    used 16005K, capacity 18865K, committed 18968K, reserved 1048576K
GC Heap History (10 events):
Event: 4583.778 GC heap before
{Heap before GC invocations=74 (full 9):
 PSYoungGen      total 287744K, used 257297K [0x00000000eab00000, 0x0000000100000000, 0x0000000100000000)
  eden space 223744K, 100% used [0x00000000eab00000,0x00000000f8580000,0x00000000f8580000)
  from space 64000K, 52% used [0x00000000fc180000,0x00000000fe244470,0x0000000100000000)
  to   space 61440K, 0% used [0x00000000f8580000,0x00000000f8580000,0x00000000fc180000)
 ParOldGen       total 280064K, used 144493K [0x00000000c0000000, 0x00000000d1180000, 0x00000000eab00000)
  object space 280064K, 51% used [0x00000000c0000000,0x00000000c8d1b7c8,0x00000000d1180000)
 Metaspace       used 117327K, capacity 126900K, committed 127128K, reserved 1159168K
  class space    used 15164K, capacity 17959K, committed 18072K, reserved 1048576K
Event: 4583.838 GC heap after
Heap after GC invocations=74 (full 9):
 PSYoungGen      total 242688K, used 18593K [0x00000000eab00000, 0x00000000ffc80000, 0x0000000100000000)
  eden space 223744K, 0% used [0x00000000eab00000,0x00000000eab00000,0x00000000f8580000)
  from space 18944K, 98% used [0x00000000f8580000,0x00000000f97a8788,0x00000000f9800000)
  to   space 60928K, 0% used [0x00000000fc100000,0x00000000fc100000,0x00000000ffc80000)
 ParOldGen       total 280064K, used 149113K [0x00000000c0000000, 0x00000000d1180000, 0x00000000eab00000)
  object space 280064K, 53% used [0x00000000c0000000,0x00000000c919e638,0x00000000d1180000)
 Metaspace       used 117327K, capacity 126900K, committed 127128K, reserved 1159168K
  class space    used 15164K, capacity 17959K, committed 18072K, reserved 1048576K
}
Event: 4606.973 GC heap before
{Heap before GC invocations=75 (full 9):
 PSYoungGen      total 242688K, used 242337K [0x00000000eab00000, 0x00000000ffc80000, 0x0000000100000000)
  eden space 223744K, 100% used [0x00000000eab00000,0x00000000f8580000,0x00000000f8580000)
  from space 18944K, 98% used [0x00000000f8580000,0x00000000f97a8788,0x00000000f9800000)
  to   space 60928K, 0% used [0x00000000fc100000,0x00000000fc100000,0x00000000ffc80000)
 ParOldGen       total 280064K, used 149113K [0x00000000c0000000, 0x00000000d1180000, 0x00000000eab00000)
  object space 280064K, 53% used [0x00000000c0000000,0x00000000c919e638,0x00000000d1180000)
 Metaspace       used 121571K, capacity 131436K, committed 131608K, reserved 1163264K
  class space    used 15825K, capacity 18679K, committed 18712K, reserved 1048576K
Event: 4607.025 GC heap after
Heap after GC invocations=75 (full 9):
 PSYoungGen      total 286208K, used 20281K [0x00000000eab00000, 0x0000000100000000, 0x0000000100000000)
  eden space 225280K, 0% used [0x00000000eab00000,0x00000000eab00000,0x00000000f8700000)
  from space 60928K, 33% used [0x00000000fc100000,0x00000000fd4ce5d0,0x00000000ffc80000)
  to   space 59392K, 0% used [0x00000000f8700000,0x00000000f8700000,0x00000000fc100000)
 ParOldGen       total 280064K, used 154869K [0x00000000c0000000, 0x00000000d1180000, 0x00000000eab00000)
  object space 280064K, 55% used [0x00000000c0000000,0x00000000c973d420,0x00000000d1180000)
 Metaspace       used 121571K, capacity 131436K, committed 131608K, reserved 1163264K
  class space    used 15825K, capacity 18679K, committed 18712K, reserved 1048576K
}
Event: 4617.420 GC heap before
{Heap before GC invocations=76 (full 9):
 PSYoungGen      total 286208K, used 245561K [0x00000000eab00000, 0x0000000100000000, 0x0000000100000000)
  eden space 225280K, 100% used [0x00000000eab00000,0x00000000f8700000,0x00000000f8700000)
  from space 60928K, 33% used [0x00000000fc100000,0x00000000fd4ce5d0,0x00000000ffc80000)
  to   space 59392K, 0% used [0x00000000f8700000,0x00000000f8700000,0x00000000fc100000)
 ParOldGen       total 280064K, used 154869K [0x00000000c0000000, 0x00000000d1180000, 0x00000000eab00000)
  object space 280064K, 55% used [0x00000000c0000000,0x00000000c973d420,0x00000000d1180000)
 Metaspace       used 121908K, capacity 131702K, committed 131992K, reserved 1163264K
  class space    used 15859K, capacity 18718K, committed 18840K, reserved 1048576K
Event: 4617.557 GC heap after
Heap after GC invocations=76 (full 9):
 PSYoungGen      total 284672K, used 36744K [0x00000000eab00000, 0x00000000ffe80000, 0x0000000100000000)
  eden space 225280K, 0% used [0x00000000eab00000,0x00000000eab00000,0x00000000f8700000)
  from space 59392K, 61% used [0x00000000f8700000,0x00000000faae20f8,0x00000000fc100000)
  to   space 59392K, 0% used [0x00000000fc480000,0x00000000fc480000,0x00000000ffe80000)
 ParOldGen       total 280064K, used 165011K [0x00000000c0000000, 0x00000000d1180000, 0x00000000eab00000)
  object space 280064K, 58% used [0x00000000c0000000,0x00000000ca124ef8,0x00000000d1180000)
 Metaspace       used 121908K, capacity 131702K, committed 131992K, reserved 1163264K
  class space    used 15859K, capacity 18718K, committed 18840K, reserved 1048576K
}
Event: 4646.812 GC heap before
{Heap before GC invocations=77 (full 9):
 PSYoungGen      total 284672K, used 262024K [0x00000000eab00000, 0x00000000ffe80000, 0x0000000100000000)
  eden space 225280K, 100% used [0x00000000eab00000,0x00000000f8700000,0x00000000f8700000)
  from space 59392K, 61% used [0x00000000f8700000,0x00000000faae20f8,0x00000000fc100000)
  to   space 59392K, 0% used [0x00000000fc480000,0x00000000fc480000,0x00000000ffe80000)
 ParOldGen       total 280064K, used 165011K [0x00000000c0000000, 0x00000000d1180000, 0x00000000eab00000)
  object space 280064K, 58% used [0x00000000c0000000,0x00000000ca124ef8,0x00000000d1180000)
 Metaspace       used 122323K, capacity 132162K, committed 132248K, reserved 1163264K
  class space    used 15896K, capacity 18758K, committed 18840K, reserved 1048576K
Event: 4646.838 GC heap after
Heap after GC invocations=77 (full 9):
 PSYoungGen      total 288768K, used 13056K [0x00000000eab00000, 0x00000000fff00000, 0x0000000100000000)
  eden space 229376K, 0% used [0x00000000eab00000,0x00000000eab00000,0x00000000f8b00000)
  from space 59392K, 21% used [0x00000000fc480000,0x00000000fd140110,0x00000000ffe80000)
  to   space 58880K, 0% used [0x00000000f8b00000,0x00000000f8b00000,0x00000000fc480000)
 ParOldGen       total 280064K, used 167648K [0x00000000c0000000, 0x00000000d1180000, 0x00000000eab00000)
  object space 280064K, 59% used [0x00000000c0000000,0x00000000ca3b8170,0x00000000d1180000)
 Metaspace       used 122323K, capacity 132162K, committed 132248K, reserved 1163264K
  class space    used 15896K, capacity 18758K, committed 18840K, reserved 1048576K
}
Event: 4658.085 GC heap before
{Heap before GC invocations=78 (full 9):
 PSYoungGen      total 288768K, used 242432K [0x00000000eab00000, 0x00000000fff00000, 0x0000000100000000)
  eden space 229376K, 100% used [0x00000000eab00000,0x00000000f8b00000,0x00000000f8b00000)
  from space 59392K, 21% used [0x00000000fc480000,0x00000000fd140110,0x00000000ffe80000)
  to   space 58880K, 0% used [0x00000000f8b00000,0x00000000f8b00000,0x00000000fc480000)
 ParOldGen       total 280064K, used 167648K [0x00000000c0000000, 0x00000000d1180000, 0x00000000eab00000)
  object space 280064K, 59% used [0x00000000c0000000,0x00000000ca3b8170,0x00000000d1180000)
 Metaspace       used 122467K, capacity 132366K, committed 132504K, reserved 1163264K
  class space    used 15908K, capacity 18770K, committed 18840K, reserved 1048576K
Event: 4658.149 GC heap after
Heap after GC invocations=78 (full 9):
 PSYoungGen      total 288256K, used 8992K [0x00000000eab00000, 0x0000000100000000, 0x0000000100000000)
  eden space 229376K, 0% used [0x00000000eab00000,0x00000000eab00000,0x00000000f8b00000)
  from space 58880K, 15% used [0x00000000f8b00000,0x00000000f93c8300,0x00000000fc480000)
  to   space 59392K, 0% used [0x00000000fc600000,0x00000000fc600000,0x0000000100000000)
 ParOldGen       total 280064K, used 169870K [0x00000000c0000000, 0x00000000d1180000, 0x00000000eab00000)
  object space 280064K, 60% used [0x00000000c0000000,0x00000000ca5e3820,0x00000000d1180000)
 Metaspace       used 122467K, capacity 132366K, committed 132504K, reserved 1163264K
  class space    used 15908K, capacity 18770K, committed 18840K, reserved 1048576K
}

