# JRE version: Java(TM) SE Runtime Environment (8.0_141-b15) (build 1.8.0_141-b15)
# Java VM: Java HotSpot(TM) 64-Bit Server VM (25.141-b15 mixed mode windows-amd64 compressed oops)
Heap:
 PSYoungGen      total 303616K, used 199610K [0x00000000eab00000, 0x0000000100000000, 0x0000000100000000)
  eden space 266240K, 60% used [0x00000000eab00000,0x00000000f49807c0,0x00000000faf00000)
  from space 37376K, 99% used [0x00000000faf00000,0x00000000fd36e060,0x00000000fd380000)
  to   space 45568K, 0% used [0x00000000fd380000,0x00000000fd380000,0x0000000100000000)
 ParOldGen       total 105984K, used 77874K [0x00000000c0000000, 0x00000000c6780000, 0x00000000eab00000)
  object space 105984K, 73% used [0x00000000c0000000,0x00000000c4c0c988,0x00000000c6780000)
 Metaspace       used 69871K, capacity 74350K, committed 74544K, reserved 1112064K
  class space    used 9578K, capacity 11042K, committed 11056K, reserved 1048576K
GC Heap History (10 events):
Event: 185.332 GC heap before
{Heap before GC invocations=32 (full 6):
 PSYoungGen      total 307200K, used 96K [0x00000000eab00000, 0x0000000100000000, 0x0000000100000000)
  eden space 264704K, 0% used [0x00000000eab00000,0x00000000eab00000,0x00000000fad80000)
  from space 42496K, 0% used [0x00000000fd680000,0x00000000fd698000,0x0000000100000000)
  to   space 41984K, 0% used [0x00000000fad80000,0x00000000fad80000,0x00000000fd680000)
 ParOldGen       total 105984K, used 76732K [0x00000000c0000000, 0x00000000c6780000, 0x00000000eab00000)
  object space 105984K, 72% used [0x00000000c0000000,0x00000000c4aef3b0,0x00000000c6780000)
 Metaspace       used 66932K, capacity 71344K, committed 71600K, reserved 1110016K
  class space    used 9400K, capacity 10839K, committed 10928K, reserved 1048576K
Event: 185.817 GC heap after
Heap after GC invocations=32 (full 6):
 PSYoungGen      total 307200K, used 0K [0x00000000eab00000, 0x0000000100000000, 0x0000000100000000)
  eden space 264704K, 0% used [0x00000000eab00000,0x00000000eab00000,0x00000000fad80000)
  from space 42496K, 0% used [0x00000000fd680000,0x00000000fd680000,0x0000000100000000)
  to   space 41984K, 0% used [0x00000000fad80000,0x00000000fad80000,0x00000000fd680000)
 ParOldGen       total 105984K, used 76667K [0x00000000c0000000, 0x00000000c6780000, 0x00000000eab00000)
  object space 105984K, 72% used [0x00000000c0000000,0x00000000c4adee38,0x00000000c6780000)
 Metaspace       used 66932K, capacity 71344K, committed 71600K, reserved 1110016K
  class space    used 9400K, capacity 10839K, committed 10928K, reserved 1048576K
}
Event: 186.429 GC heap before
{Heap before GC invocations=33 (full 6):
 PSYoungGen      total 307200K, used 7810K [0x00000000eab00000, 0x0000000100000000, 0x0000000100000000)
  eden space 264704K, 2% used [0x00000000eab00000,0x00000000eb2a0bc8,0x00000000fad80000)
  from space 42496K, 0% used [0x00000000fd680000,0x00000000fd680000,0x0000000100000000)
  to   space 41984K, 0% used [0x00000000fad80000,0x00000000fad80000,0x00000000fd680000)
 ParOldGen       total 105984K, used 76667K [0x00000000c0000000, 0x00000000c6780000, 0x00000000eab00000)
  object space 105984K, 72% used [0x00000000c0000000,0x00000000c4adee38,0x00000000c6780000)
 Metaspace       used 66932K, capacity 71344K, committed 71600K, reserved 1110016K
  class space    used 9400K, capacity 10839K, committed 10928K, reserved 1048576K
Event: 186.434 GC heap after
Heap after GC invocations=33 (full 6):
 PSYoungGen      total 306688K, used 96K [0x00000000eab00000, 0x0000000100000000, 0x0000000100000000)
  eden space 264704K, 0% used [0x00000000eab00000,0x00000000eab00000,0x00000000fad80000)
  from space 41984K, 0% used [0x00000000fad80000,0x00000000fad98000,0x00000000fd680000)
  to   space 40960K, 0% used [0x00000000fd800000,0x00000000fd800000,0x0000000100000000)
 ParOldGen       total 105984K, used 76667K [0x00000000c0000000, 0x00000000c6780000, 0x00000000eab00000)
  object space 105984K, 72% used [0x00000000c0000000,0x00000000c4adee38,0x00000000c6780000)
 Metaspace       used 66932K, capacity 71344K, committed 71600K, reserved 1110016K
  class space    used 9400K, capacity 10839K, committed 10928K, reserved 1048576K
}
Event: 186.434 GC heap before
{Heap before GC invocations=34 (full 7):
 PSYoungGen      total 306688K, used 96K [0x00000000eab00000, 0x0000000100000000, 0x0000000100000000)
  eden space 264704K, 0% used [0x00000000eab00000,0x00000000eab00000,0x00000000fad80000)
  from space 41984K, 0% used [0x00000000fad80000,0x00000000fad98000,0x00000000fd680000)
  to   space 40960K, 0% used [0x00000000fd800000,0x00000000fd800000,0x0000000100000000)
 ParOldGen       total 105984K, used 76667K [0x00000000c0000000, 0x00000000c6780000, 0x00000000eab00000)
  object space 105984K, 72% used [0x00000000c0000000,0x00000000c4adee38,0x00000000c6780000)
 Metaspace       used 66932K, capacity 71344K, committed 71600K, reserved 1110016K
  class space    used 9400K, capacity 10839K, committed 10928K, reserved 1048576K
Event: 187.000 GC heap after
Heap after GC invocations=34 (full 7):
 PSYoungGen      total 306688K, used 0K [0x00000000eab00000, 0x0000000100000000, 0x0000000100000000)
  eden space 264704K, 0% used [0x00000000eab00000,0x00000000eab00000,0x00000000fad80000)
  from space 41984K, 0% used [0x00000000fad80000,0x00000000fad80000,0x00000000fd680000)
  to   space 40960K, 0% used [0x00000000fd800000,0x00000000fd800000,0x0000000100000000)
 ParOldGen       total 105984K, used 76670K [0x00000000c0000000, 0x00000000c6780000, 0x00000000eab00000)
  object space 105984K, 72% used [0x00000000c0000000,0x00000000c4adfa30,0x00000000c6780000)
 Metaspace       used 66932K, capacity 71344K, committed 71600K, reserved 1110016K
  class space    used 9400K, capacity 10839K, committed 10928K, reserved 1048576K
}
Event: 272.592 GC heap before
{Heap before GC invocations=35 (full 7):
 PSYoungGen      total 306688K, used 264704K [0x00000000eab00000, 0x0000000100000000, 0x0000000100000000)
  eden space 264704K, 100% used [0x00000000eab00000,0x00000000fad80000,0x00000000fad80000)
  from space 41984K, 0% used [0x00000000fad80000,0x00000000fad80000,0x00000000fd680000)
  to   space 40960K, 0% used [0x00000000fd800000,0x00000000fd800000,0x0000000100000000)
 ParOldGen       total 105984K, used 76670K [0x00000000c0000000, 0x00000000c6780000, 0x00000000eab00000)
  object space 105984K, 72% used [0x00000000c0000000,0x00000000c4adfa30,0x00000000c6780000)
 Metaspace       used 69522K, capacity 73946K, committed 74032K, reserved 1112064K
  class space    used 9575K, capacity 11040K, committed 11056K, reserved 1048576K
Event: 272.638 GC heap after
Heap after GC invocations=35 (full 7):
 PSYoungGen      total 303104K, used 14740K [0x00000000eab00000, 0x00000000ffc00000, 0x0000000100000000)
  eden space 266240K, 0% used [0x00000000eab00000,0x00000000eab00000,0x00000000faf00000)
  from space 36864K, 39% used [0x00000000fd800000,0x00000000fe6650f8,0x00000000ffc00000)
  to   space 39424K, 0% used [0x00000000faf00000,0x00000000faf00000,0x00000000fd580000)
 ParOldGen       total 105984K, used 76678K [0x00000000c0000000, 0x00000000c6780000, 0x00000000eab00000)
  object space 105984K, 72% used [0x00000000c0000000,0x00000000c4ae1a30,0x00000000c6780000)
 Metaspace       used 69522K, capacity 73946K, committed 74032K, reserved 1112064K
  class space    used 9575K, capacity 11040K, committed 11056K, reserved 1048576K
}
Event: 318.732 GC heap before
{Heap before GC invocations=36 (full 7):
 PSYoungGen      total 303104K, used 280980K [0x00000000eab00000, 0x00000000ffc00000, 0x0000000100000000)
  eden space 266240K, 100% used [0x00000000eab00000,0x00000000faf00000,0x00000000faf00000)
  from space 36864K, 39% used [0x00000000fd800000,0x00000000fe6650f8,0x00000000ffc00000)
  to   space 39424K, 0% used [0x00000000faf00000,0x00000000faf00000,0x00000000fd580000)
 ParOldGen       total 105984K, used 76678K [0x00000000c0000000, 0x00000000c6780000, 0x00000000eab00000)
  object space 105984K, 72% used [0x00000000c0000000,0x00000000c4ae1a30,0x00000000c6780000)
 Metaspace       used 69659K, capacity 74074K, committed 74288K, reserved 1112064K
  class space    used 9577K, capacity 11040K, committed 11056K, reserved 1048576K
Event: 318.844 GC heap after
Heap after GC invocations=36 (full 7):
 PSYoungGen      total 303616K, used 37304K [0x00000000eab00000, 0x0000000100000000, 0x0000000100000000)
  eden space 266240K, 0% used [0x00000000eab00000,0x00000000eab00000,0x00000000faf00000)
  from space 37376K, 99% used [0x00000000faf00000,0x00000000fd36e060,0x00000000fd380000)
  to   space 45568K, 0% used [0x00000000fd380000,0x00000000fd380000,0x0000000100000000)
 ParOldGen       total 105984K, used 77874K [0x00000000c0000000, 0x00000000c6780000, 0x00000000eab00000)
  object space 105984K, 73% used [0x00000000c0000000,0x00000000c4c0c988,0x00000000c6780000)
 Metaspace       used 69659K, capacity 74074K, committed 74288K, reserved 1112064K
  class space    used 9577K, capacity 11040K, committed 11056K, reserved 1048576K
}

