# JRE version: Java(TM) SE Runtime Environment (8.0_141-b15) (build 1.8.0_141-b15)
# Java VM: Java HotSpot(TM) 64-Bit Server VM (25.141-b15 mixed mode windows-amd64 compressed oops)
Heap:
 PSYoungGen      total 86528K, used 68426K [0x00000000eab00000, 0x00000000f2400000, 0x0000000100000000)
  eden space 77824K, 76% used [0x00000000eab00000,0x00000000ee566a98,0x00000000ef700000)
  from space 8704K, 99% used [0x00000000ef900000,0x00000000f016bdf0,0x00000000f0180000)
  to   space 23040K, 0% used [0x00000000f0d80000,0x00000000f0d80000,0x00000000f2400000)
 ParOldGen       total 96768K, used 34321K [0x00000000c0000000, 0x00000000c5e80000, 0x00000000eab00000)
  object space 96768K, 35% used [0x00000000c0000000,0x00000000c2184638,0x00000000c5e80000)
 Metaspace       used 63980K, capacity 66634K, committed 66864K, reserved 1105920K
  class space    used 8627K, capacity 9467K, committed 9520K, reserved 1048576K
GC Heap History (10 events):
Event: 450.178 GC heap before
{Heap before GC invocations=34 (full 3):
 PSYoungGen      total 86528K, used 73216K [0x00000000eab00000, 0x00000000f2800000, 0x0000000100000000)
  eden space 73216K, 100% used [0x00000000eab00000,0x00000000ef280000,0x00000000ef280000)
  from space 13312K, 0% used [0x00000000f1b00000,0x00000000f1b00000,0x00000000f2800000)
  to   space 22016K, 0% used [0x00000000efd00000,0x00000000efd00000,0x00000000f1280000)
 ParOldGen       total 96768K, used 28362K [0x00000000c0000000, 0x00000000c5e80000, 0x00000000eab00000)
  object space 96768K, 29% used [0x00000000c0000000,0x00000000c1bb2ac8,0x00000000c5e80000)
 Metaspace       used 48746K, capacity 50000K, committed 50224K, reserved 1093632K
  class space    used 6439K, capacity 6852K, committed 6960K, reserved 1048576K
Event: 450.248 GC heap after
Heap after GC invocations=34 (full 3):
 PSYoungGen      total 105984K, used 21520K [0x00000000eab00000, 0x00000000f3500000, 0x0000000100000000)
  eden space 83968K, 0% used [0x00000000eab00000,0x00000000eab00000,0x00000000efd00000)
  from space 22016K, 97% used [0x00000000efd00000,0x00000000f1204010,0x00000000f1280000)
  to   space 25088K, 0% used [0x00000000f1c80000,0x00000000f1c80000,0x00000000f3500000)
 ParOldGen       total 96768K, used 28370K [0x00000000c0000000, 0x00000000c5e80000, 0x00000000eab00000)
  object space 96768K, 29% used [0x00000000c0000000,0x00000000c1bb4ac8,0x00000000c5e80000)
 Metaspace       used 48746K, capacity 50000K, committed 50224K, reserved 1093632K
  class space    used 6439K, capacity 6852K, committed 6960K, reserved 1048576K
}
Event: 459.124 GC heap before
{Heap before GC invocations=35 (full 3):
 PSYoungGen      total 105984K, used 105488K [0x00000000eab00000, 0x00000000f3500000, 0x0000000100000000)
  eden space 83968K, 100% used [0x00000000eab00000,0x00000000efd00000,0x00000000efd00000)
  from space 22016K, 97% used [0x00000000efd00000,0x00000000f1204010,0x00000000f1280000)
  to   space 25088K, 0% used [0x00000000f1c80000,0x00000000f1c80000,0x00000000f3500000)
 ParOldGen       total 96768K, used 28370K [0x00000000c0000000, 0x00000000c5e80000, 0x00000000eab00000)
  object space 96768K, 29% used [0x00000000c0000000,0x00000000c1bb4ac8,0x00000000c5e80000)
 Metaspace       used 49899K, capacity 51120K, committed 51376K, reserved 1093632K
  class space    used 6626K, capacity 7081K, committed 7088K, reserved 1048576K
Event: 459.180 GC heap after
Heap after GC invocations=35 (full 3):
 PSYoungGen      total 109056K, used 13529K [0x00000000eab00000, 0x00000000f3500000, 0x0000000100000000)
  eden space 83968K, 0% used [0x00000000eab00000,0x00000000eab00000,0x00000000efd00000)
  from space 25088K, 53% used [0x00000000f1c80000,0x00000000f29b6620,0x00000000f3500000)
  to   space 22016K, 0% used [0x00000000efd00000,0x00000000efd00000,0x00000000f1280000)
 ParOldGen       total 96768K, used 28858K [0x00000000c0000000, 0x00000000c5e80000, 0x00000000eab00000)
  object space 96768K, 29% used [0x00000000c0000000,0x00000000c1c2eb08,0x00000000c5e80000)
 Metaspace       used 49899K, capacity 51120K, committed 51376K, reserved 1093632K
  class space    used 6626K, capacity 7081K, committed 7088K, reserved 1048576K
}
Event: 477.213 GC heap before
{Heap before GC invocations=36 (full 3):
 PSYoungGen      total 109056K, used 97497K [0x00000000eab00000, 0x00000000f3500000, 0x0000000100000000)
  eden space 83968K, 100% used [0x00000000eab00000,0x00000000efd00000,0x00000000efd00000)
  from space 25088K, 53% used [0x00000000f1c80000,0x00000000f29b6620,0x00000000f3500000)
  to   space 22016K, 0% used [0x00000000efd00000,0x00000000efd00000,0x00000000f1280000)
 ParOldGen       total 96768K, used 28858K [0x00000000c0000000, 0x00000000c5e80000, 0x00000000eab00000)
  object space 96768K, 29% used [0x00000000c0000000,0x00000000c1c2eb08,0x00000000c5e80000)
 Metaspace       used 54198K, capacity 55624K, committed 55856K, reserved 1097728K
  class space    used 7216K, capacity 7695K, committed 7728K, reserved 1048576K
Event: 477.249 GC heap after
Heap after GC invocations=36 (full 3):
 PSYoungGen      total 103936K, used 5568K [0x00000000eab00000, 0x00000000f2a00000, 0x0000000100000000)
  eden space 81920K, 0% used [0x00000000eab00000,0x00000000eab00000,0x00000000efb00000)
  from space 22016K, 25% used [0x00000000efd00000,0x00000000f0270138,0x00000000f1280000)
  to   space 24064K, 0% used [0x00000000f1280000,0x00000000f1280000,0x00000000f2a00000)
 ParOldGen       total 96768K, used 30690K [0x00000000c0000000, 0x00000000c5e80000, 0x00000000eab00000)
  object space 96768K, 31% used [0x00000000c0000000,0x00000000c1df8980,0x00000000c5e80000)
 Metaspace       used 54198K, capacity 55624K, committed 55856K, reserved 1097728K
  class space    used 7216K, capacity 7695K, committed 7728K, reserved 1048576K
}
Event: 485.840 GC heap before
{Heap before GC invocations=37 (full 3):
 PSYoungGen      total 103936K, used 87488K [0x00000000eab00000, 0x00000000f2a00000, 0x0000000100000000)
  eden space 81920K, 100% used [0x00000000eab00000,0x00000000efb00000,0x00000000efb00000)
  from space 22016K, 25% used [0x00000000efd00000,0x00000000f0270138,0x00000000f1280000)
  to   space 24064K, 0% used [0x00000000f1280000,0x00000000f1280000,0x00000000f2a00000)
 ParOldGen       total 96768K, used 30690K [0x00000000c0000000, 0x00000000c5e80000, 0x00000000eab00000)
  object space 96768K, 31% used [0x00000000c0000000,0x00000000c1df8980,0x00000000c5e80000)
 Metaspace       used 59229K, capacity 60808K, committed 60976K, reserved 1101824K
  class space    used 7890K, capacity 8395K, committed 8496K, reserved 1048576K
Event: 485.857 GC heap after
Heap after GC invocations=37 (full 3):
 PSYoungGen      total 100864K, used 8096K [0x00000000eab00000, 0x00000000f2700000, 0x0000000100000000)
  eden space 79872K, 0% used [0x00000000eab00000,0x00000000eab00000,0x00000000ef900000)
  from space 20992K, 38% used [0x00000000f1280000,0x00000000f1a68358,0x00000000f2700000)
  to   space 23552K, 0% used [0x00000000ef900000,0x00000000ef900000,0x00000000f1000000)
 ParOldGen       total 96768K, used 31876K [0x00000000c0000000, 0x00000000c5e80000, 0x00000000eab00000)
  object space 96768K, 32% used [0x00000000c0000000,0x00000000c1f21010,0x00000000c5e80000)
 Metaspace       used 59229K, capacity 60808K, committed 60976K, reserved 1101824K
  class space    used 7890K, capacity 8395K, committed 8496K, reserved 1048576K
}
Event: 521.562 GC heap before
{Heap before GC invocations=38 (full 3):
 PSYoungGen      total 100864K, used 87968K [0x00000000eab00000, 0x00000000f2700000, 0x0000000100000000)
  eden space 79872K, 100% used [0x00000000eab00000,0x00000000ef900000,0x00000000ef900000)
  from space 20992K, 38% used [0x00000000f1280000,0x00000000f1a68358,0x00000000f2700000)
  to   space 23552K, 0% used [0x00000000ef900000,0x00000000ef900000,0x00000000f1000000)
 ParOldGen       total 96768K, used 31876K [0x00000000c0000000, 0x00000000c5e80000, 0x00000000eab00000)
  object space 96768K, 32% used [0x00000000c0000000,0x00000000c1f21010,0x00000000c5e80000)
 Metaspace       used 62222K, capacity 64256K, committed 64432K, reserved 1103872K
  class space    used 8389K, capacity 9044K, committed 9136K, reserved 1048576K
Event: 521.583 GC heap after
Heap after GC invocations=38 (full 3):
 PSYoungGen      total 86528K, used 8623K [0x00000000eab00000, 0x00000000f2400000, 0x0000000100000000)
  eden space 77824K, 0% used [0x00000000eab00000,0x00000000eab00000,0x00000000ef700000)
  from space 8704K, 99% used [0x00000000ef900000,0x00000000f016bdf0,0x00000000f0180000)
  to   space 23040K, 0% used [0x00000000f0d80000,0x00000000f0d80000,0x00000000f2400000)
 ParOldGen       total 96768K, used 34321K [0x00000000c0000000, 0x00000000c5e80000, 0x00000000eab00000)
  object space 96768K, 35% used [0x00000000c0000000,0x00000000c2184638,0x00000000c5e80000)
 Metaspace       used 62222K, capacity 64256K, committed 64432K, reserved 1103872K
  class space    used 8389K, capacity 9044K, committed 9136K, reserved 1048576K
}

