# JRE version: Java(TM) SE Runtime Environment (8.0_141-b15) (build 1.8.0_141-b15)
# Java VM: Java HotSpot(TM) 64-Bit Server VM (25.141-b15 mixed mode windows-amd64 compressed oops)
Heap:
 PSYoungGen      total 138240K, used 47504K [0x00000000eab00000, 0x00000000f4d80000, 0x0000000100000000)
  eden space 110592K, 42% used [0x00000000eab00000,0x00000000ed964050,0x00000000f1700000)
  from space 27648K, 0% used [0x00000000f3180000,0x00000000f3180000,0x00000000f4c80000)
  to   space 27136K, 0% used [0x00000000f1700000,0x00000000f1700000,0x00000000f3180000)
 ParOldGen       total 89600K, used 18902K [0x00000000c0000000, 0x00000000c5780000, 0x00000000eab00000)
  object space 89600K, 21% used [0x00000000c0000000,0x00000000c1275878,0x00000000c5780000)
 Metaspace       used 41694K, capacity 42690K, committed 43056K, reserved 1085440K
  class space    used 5733K, capacity 6087K, committed 6192K, reserved 1048576K
GC Heap History (10 events):
Event: 78.239 GC heap before
{Heap before GC invocations=14 (full 1):
 PSYoungGen      total 81920K, used 78128K [0x00000000eab00000, 0x00000000f1480000, 0x0000000100000000)
  eden space 61952K, 100% used [0x00000000eab00000,0x00000000ee780000,0x00000000ee780000)
  from space 19968K, 81% used [0x00000000efc80000,0x00000000f0c4c020,0x00000000f1000000)
  to   space 21504K, 0% used [0x00000000ee780000,0x00000000ee780000,0x00000000efc80000)
 ParOldGen       total 64512K, used 21921K [0x00000000c0000000, 0x00000000c3f00000, 0x00000000eab00000)
  object space 64512K, 33% used [0x00000000c0000000,0x00000000c15685a8,0x00000000c3f00000)
 Metaspace       used 26757K, capacity 27268K, committed 27440K, reserved 1073152K
  class space    used 3627K, capacity 3804K, committed 3888K, reserved 1048576K
Event: 78.308 GC heap after
Heap after GC invocations=14 (full 1):
 PSYoungGen      total 83456K, used 21504K [0x00000000eab00000, 0x00000000f3000000, 0x0000000100000000)
  eden space 61952K, 0% used [0x00000000eab00000,0x00000000eab00000,0x00000000ee780000)
  from space 21504K, 100% used [0x00000000ee780000,0x00000000efc80000,0x00000000efc80000)
  to   space 27136K, 0% used [0x00000000f1580000,0x00000000f1580000,0x00000000f3000000)
 ParOldGen       total 64512K, used 29114K [0x00000000c0000000, 0x00000000c3f00000, 0x00000000eab00000)
  object space 64512K, 45% used [0x00000000c0000000,0x00000000c1c6eba0,0x00000000c3f00000)
 Metaspace       used 26757K, capacity 27268K, committed 27440K, reserved 1073152K
  class space    used 3627K, capacity 3804K, committed 3888K, reserved 1048576K
}
Event: 80.689 GC heap before
{Heap before GC invocations=15 (full 1):
 PSYoungGen      total 83456K, used 83456K [0x00000000eab00000, 0x00000000f3000000, 0x0000000100000000)
  eden space 61952K, 100% used [0x00000000eab00000,0x00000000ee780000,0x00000000ee780000)
  from space 21504K, 100% used [0x00000000ee780000,0x00000000efc80000,0x00000000efc80000)
  to   space 27136K, 0% used [0x00000000f1580000,0x00000000f1580000,0x00000000f3000000)
 ParOldGen       total 64512K, used 29114K [0x00000000c0000000, 0x00000000c3f00000, 0x00000000eab00000)
  object space 64512K, 45% used [0x00000000c0000000,0x00000000c1c6eba0,0x00000000c3f00000)
 Metaspace       used 29529K, capacity 30116K, committed 30384K, reserved 1075200K
  class space    used 3970K, capacity 4204K, committed 4272K, reserved 1048576K
Event: 80.769 GC heap after
Heap after GC invocations=15 (full 1):
 PSYoungGen      total 107008K, used 21291K [0x00000000eab00000, 0x00000000f3880000, 0x0000000100000000)
  eden space 79872K, 0% used [0x00000000eab00000,0x00000000eab00000,0x00000000ef900000)
  from space 27136K, 78% used [0x00000000f1580000,0x00000000f2a4af18,0x00000000f3000000)
  to   space 29184K, 0% used [0x00000000ef900000,0x00000000ef900000,0x00000000f1580000)
 ParOldGen       total 64512K, used 31978K [0x00000000c0000000, 0x00000000c3f00000, 0x00000000eab00000)
  object space 64512K, 49% used [0x00000000c0000000,0x00000000c1f3aba0,0x00000000c3f00000)
 Metaspace       used 29529K, capacity 30116K, committed 30384K, reserved 1075200K
  class space    used 3970K, capacity 4204K, committed 4272K, reserved 1048576K
}
Event: 83.982 GC heap before
{Heap before GC invocations=16 (full 1):
 PSYoungGen      total 107008K, used 101163K [0x00000000eab00000, 0x00000000f3880000, 0x0000000100000000)
  eden space 79872K, 100% used [0x00000000eab00000,0x00000000ef900000,0x00000000ef900000)
  from space 27136K, 78% used [0x00000000f1580000,0x00000000f2a4af18,0x00000000f3000000)
  to   space 29184K, 0% used [0x00000000ef900000,0x00000000ef900000,0x00000000f1580000)
 ParOldGen       total 64512K, used 31978K [0x00000000c0000000, 0x00000000c3f00000, 0x00000000eab00000)
  object space 64512K, 49% used [0x00000000c0000000,0x00000000c1f3aba0,0x00000000c3f00000)
 Metaspace       used 33610K, capacity 34318K, committed 34736K, reserved 1079296K
  class space    used 4670K, capacity 4922K, committed 5040K, reserved 1048576K
Event: 84.009 GC heap after
Heap after GC invocations=16 (full 1):
 PSYoungGen      total 109056K, used 13487K [0x00000000eab00000, 0x00000000f4c80000, 0x0000000100000000)
  eden space 79872K, 0% used [0x00000000eab00000,0x00000000eab00000,0x00000000ef900000)
  from space 29184K, 46% used [0x00000000ef900000,0x00000000f062be38,0x00000000f1580000)
  to   space 27648K, 0% used [0x00000000f3180000,0x00000000f3180000,0x00000000f4c80000)
 ParOldGen       total 64512K, used 35290K [0x00000000c0000000, 0x00000000c3f00000, 0x00000000eab00000)
  object space 64512K, 54% used [0x00000000c0000000,0x00000000c2276ba0,0x00000000c3f00000)
 Metaspace       used 33610K, capacity 34318K, committed 34736K, reserved 1079296K
  class space    used 4670K, capacity 4922K, committed 5040K, reserved 1048576K
}
Event: 84.831 GC heap before
{Heap before GC invocations=17 (full 1):
 PSYoungGen      total 109056K, used 35322K [0x00000000eab00000, 0x00000000f4c80000, 0x0000000100000000)
  eden space 79872K, 27% used [0x00000000eab00000,0x00000000ec052af8,0x00000000ef900000)
  from space 29184K, 46% used [0x00000000ef900000,0x00000000f062be38,0x00000000f1580000)
  to   space 27648K, 0% used [0x00000000f3180000,0x00000000f3180000,0x00000000f4c80000)
 ParOldGen       total 64512K, used 35290K [0x00000000c0000000, 0x00000000c3f00000, 0x00000000eab00000)
  object space 64512K, 54% used [0x00000000c0000000,0x00000000c2276ba0,0x00000000c3f00000)
 Metaspace       used 34576K, capacity 35440K, committed 35496K, reserved 1079296K
  class space    used 4826K, capacity 5145K, committed 5168K, reserved 1048576K
Event: 84.853 GC heap after
Heap after GC invocations=17 (full 1):
 PSYoungGen      total 138240K, used 7218K [0x00000000eab00000, 0x00000000f4d80000, 0x0000000100000000)
  eden space 110592K, 0% used [0x00000000eab00000,0x00000000eab00000,0x00000000f1700000)
  from space 27648K, 26% used [0x00000000f3180000,0x00000000f388c9b0,0x00000000f4c80000)
  to   space 27136K, 0% used [0x00000000f1700000,0x00000000f1700000,0x00000000f3180000)
 ParOldGen       total 64512K, used 39994K [0x00000000c0000000, 0x00000000c3f00000, 0x00000000eab00000)
  object space 64512K, 61% used [0x00000000c0000000,0x00000000c270eba0,0x00000000c3f00000)
 Metaspace       used 34576K, capacity 35440K, committed 35496K, reserved 1079296K
  class space    used 4826K, capacity 5145K, committed 5168K, reserved 1048576K
}
Event: 84.853 GC heap before
{Heap before GC invocations=18 (full 2):
 PSYoungGen      total 138240K, used 7218K [0x00000000eab00000, 0x00000000f4d80000, 0x0000000100000000)
  eden space 110592K, 0% used [0x00000000eab00000,0x00000000eab00000,0x00000000f1700000)
  from space 27648K, 26% used [0x00000000f3180000,0x00000000f388c9b0,0x00000000f4c80000)
  to   space 27136K, 0% used [0x00000000f1700000,0x00000000f1700000,0x00000000f3180000)
 ParOldGen       total 64512K, used 39994K [0x00000000c0000000, 0x00000000c3f00000, 0x00000000eab00000)
  object space 64512K, 61% used [0x00000000c0000000,0x00000000c270eba0,0x00000000c3f00000)
 Metaspace       used 34576K, capacity 35440K, committed 35496K, reserved 1079296K
  class space    used 4826K, capacity 5145K, committed 5168K, reserved 1048576K
Event: 84.988 GC heap after
Heap after GC invocations=18 (full 2):
 PSYoungGen      total 138240K, used 0K [0x00000000eab00000, 0x00000000f4d80000, 0x0000000100000000)
  eden space 110592K, 0% used [0x00000000eab00000,0x00000000eab00000,0x00000000f1700000)
  from space 27648K, 0% used [0x00000000f3180000,0x00000000f3180000,0x00000000f4c80000)
  to   space 27136K, 0% used [0x00000000f1700000,0x00000000f1700000,0x00000000f3180000)
 ParOldGen       total 89600K, used 18902K [0x00000000c0000000, 0x00000000c5780000, 0x00000000eab00000)
  object space 89600K, 21% used [0x00000000c0000000,0x00000000c1275878,0x00000000c5780000)
 Metaspace       used 34576K, capacity 35440K, committed 35496K, reserved 1079296K
  class space    used 4826K, capacity 5145K, committed 5168K, reserved 1048576K
}

