# JRE version: Java(TM) SE Runtime Environment (8.0_141-b15) (build 1.8.0_141-b15)
# Java VM: Java HotSpot(TM) 64-Bit Server VM (25.141-b15 mixed mode windows-amd64 compressed oops)
Heap:
 PSYoungGen      total 232960K, used 133591K [0x00000000eab00000, 0x00000000fc280000, 0x0000000100000000)
  eden space 199168K, 50% used [0x00000000eab00000,0x00000000f0c790a8,0x00000000f6d80000)
  from space 33792K, 99% used [0x00000000f9580000,0x00000000fb67cb70,0x00000000fb680000)
  to   space 40960K, 0% used [0x00000000f6d80000,0x00000000f6d80000,0x00000000f9580000)
 ParOldGen       total 150528K, used 81419K [0x00000000c0000000, 0x00000000c9300000, 0x00000000eab00000)
  object space 150528K, 54% used [0x00000000c0000000,0x00000000c4f82fd8,0x00000000c9300000)
 Metaspace       used 84846K, capacity 90178K, committed 90288K, reserved 1126400K
  class space    used 11520K, capacity 13122K, committed 13232K, reserved 1048576K
GC Heap History (10 events):
Event: 154.005 GC heap before
{Heap before GC invocations=37 (full 4):
 PSYoungGen      total 187904K, used 158208K [0x00000000eab00000, 0x00000000f8380000, 0x0000000100000000)
  eden space 158208K, 100% used [0x00000000eab00000,0x00000000f4580000,0x00000000f4580000)
  from space 29696K, 0% used [0x00000000f6680000,0x00000000f6680000,0x00000000f8380000)
  to   space 31744K, 0% used [0x00000000f4580000,0x00000000f4580000,0x00000000f6480000)
 ParOldGen       total 111104K, used 51147K [0x00000000c0000000, 0x00000000c6c80000, 0x00000000eab00000)
  object space 111104K, 46% used [0x00000000c0000000,0x00000000c31f2da8,0x00000000c6c80000)
 Metaspace       used 66403K, capacity 69922K, committed 70192K, reserved 1110016K
  class space    used 9094K, capacity 10203K, committed 10288K, reserved 1048576K
Event: 154.039 GC heap after
Heap after GC invocations=37 (full 4):
 PSYoungGen      total 189952K, used 22541K [0x00000000eab00000, 0x00000000fa280000, 0x0000000100000000)
  eden space 158208K, 0% used [0x00000000eab00000,0x00000000eab00000,0x00000000f4580000)
  from space 31744K, 71% used [0x00000000f4580000,0x00000000f5b83500,0x00000000f6480000)
  to   space 33792K, 0% used [0x00000000f8180000,0x00000000f8180000,0x00000000fa280000)
 ParOldGen       total 111104K, used 51147K [0x00000000c0000000, 0x00000000c6c80000, 0x00000000eab00000)
  object space 111104K, 46% used [0x00000000c0000000,0x00000000c31f2da8,0x00000000c6c80000)
 Metaspace       used 66403K, capacity 69922K, committed 70192K, reserved 1110016K
  class space    used 9094K, capacity 10203K, committed 10288K, reserved 1048576K
}
Event: 158.206 GC heap before
{Heap before GC invocations=38 (full 4):
 PSYoungGen      total 189952K, used 119391K [0x00000000eab00000, 0x00000000fa280000, 0x0000000100000000)
  eden space 158208K, 61% used [0x00000000eab00000,0x00000000f0994a78,0x00000000f4580000)
  from space 31744K, 71% used [0x00000000f4580000,0x00000000f5b83500,0x00000000f6480000)
  to   space 33792K, 0% used [0x00000000f8180000,0x00000000f8180000,0x00000000fa280000)
 ParOldGen       total 111104K, used 51147K [0x00000000c0000000, 0x00000000c6c80000, 0x00000000eab00000)
  object space 111104K, 46% used [0x00000000c0000000,0x00000000c31f2da8,0x00000000c6c80000)
 Metaspace       used 69190K, capacity 73554K, committed 73648K, reserved 1112064K
  class space    used 9543K, capacity 10920K, committed 10928K, reserved 1048576K
Event: 158.293 GC heap after
Heap after GC invocations=38 (full 4):
 PSYoungGen      total 217600K, used 15654K [0x00000000eab00000, 0x00000000fa000000, 0x0000000100000000)
  eden space 186368K, 0% used [0x00000000eab00000,0x00000000eab00000,0x00000000f6100000)
  from space 31232K, 50% used [0x00000000f8180000,0x00000000f90c9830,0x00000000fa000000)
  to   space 32256K, 0% used [0x00000000f6100000,0x00000000f6100000,0x00000000f8080000)
 ParOldGen       total 111104K, used 72167K [0x00000000c0000000, 0x00000000c6c80000, 0x00000000eab00000)
  object space 111104K, 64% used [0x00000000c0000000,0x00000000c4679ce0,0x00000000c6c80000)
 Metaspace       used 69190K, capacity 73554K, committed 73648K, reserved 1112064K
  class space    used 9543K, capacity 10920K, committed 10928K, reserved 1048576K
}
Event: 158.293 GC heap before
{Heap before GC invocations=39 (full 5):
 PSYoungGen      total 217600K, used 15654K [0x00000000eab00000, 0x00000000fa000000, 0x0000000100000000)
  eden space 186368K, 0% used [0x00000000eab00000,0x00000000eab00000,0x00000000f6100000)
  from space 31232K, 50% used [0x00000000f8180000,0x00000000f90c9830,0x00000000fa000000)
  to   space 32256K, 0% used [0x00000000f6100000,0x00000000f6100000,0x00000000f8080000)
 ParOldGen       total 111104K, used 72167K [0x00000000c0000000, 0x00000000c6c80000, 0x00000000eab00000)
  object space 111104K, 64% used [0x00000000c0000000,0x00000000c4679ce0,0x00000000c6c80000)
 Metaspace       used 69190K, capacity 73554K, committed 73648K, reserved 1112064K
  class space    used 9543K, capacity 10920K, committed 10928K, reserved 1048576K
Event: 159.079 GC heap after
Heap after GC invocations=39 (full 5):
 PSYoungGen      total 217600K, used 0K [0x00000000eab00000, 0x00000000fa000000, 0x0000000100000000)
  eden space 186368K, 0% used [0x00000000eab00000,0x00000000eab00000,0x00000000f6100000)
  from space 31232K, 0% used [0x00000000f8180000,0x00000000f8180000,0x00000000fa000000)
  to   space 32256K, 0% used [0x00000000f6100000,0x00000000f6100000,0x00000000f8080000)
 ParOldGen       total 150528K, used 75621K [0x00000000c0000000, 0x00000000c9300000, 0x00000000eab00000)
  object space 150528K, 50% used [0x00000000c0000000,0x00000000c49d9458,0x00000000c9300000)
 Metaspace       used 69190K, capacity 73554K, committed 73648K, reserved 1112064K
  class space    used 9543K, capacity 10920K, committed 10928K, reserved 1048576K
}
Event: 174.447 GC heap before
{Heap before GC invocations=40 (full 5):
 PSYoungGen      total 217600K, used 186368K [0x00000000eab00000, 0x00000000fa000000, 0x0000000100000000)
  eden space 186368K, 100% used [0x00000000eab00000,0x00000000f6100000,0x00000000f6100000)
  from space 31232K, 0% used [0x00000000f8180000,0x00000000f8180000,0x00000000fa000000)
  to   space 32256K, 0% used [0x00000000f6100000,0x00000000f6100000,0x00000000f8080000)
 ParOldGen       total 150528K, used 75621K [0x00000000c0000000, 0x00000000c9300000, 0x00000000eab00000)
  object space 150528K, 50% used [0x00000000c0000000,0x00000000c49d9458,0x00000000c9300000)
 Metaspace       used 74604K, capacity 79350K, committed 79664K, reserved 1118208K
  class space    used 10262K, capacity 11764K, committed 11824K, reserved 1048576K
Event: 174.504 GC heap after
Heap after GC invocations=40 (full 5):
 PSYoungGen      total 218624K, used 23021K [0x00000000eab00000, 0x00000000fb680000, 0x0000000100000000)
  eden space 186368K, 0% used [0x00000000eab00000,0x00000000eab00000,0x00000000f6100000)
  from space 32256K, 71% used [0x00000000f6100000,0x00000000f777b5b8,0x00000000f8080000)
  to   space 33792K, 0% used [0x00000000f9580000,0x00000000f9580000,0x00000000fb680000)
 ParOldGen       total 150528K, used 75629K [0x00000000c0000000, 0x00000000c9300000, 0x00000000eab00000)
  object space 150528K, 50% used [0x00000000c0000000,0x00000000c49db458,0x00000000c9300000)
 Metaspace       used 74604K, capacity 79350K, committed 79664K, reserved 1118208K
  class space    used 10262K, capacity 11764K, committed 11824K, reserved 1048576K
}
Event: 187.812 GC heap before
{Heap before GC invocations=41 (full 5):
 PSYoungGen      total 218624K, used 209389K [0x00000000eab00000, 0x00000000fb680000, 0x0000000100000000)
  eden space 186368K, 100% used [0x00000000eab00000,0x00000000f6100000,0x00000000f6100000)
  from space 32256K, 71% used [0x00000000f6100000,0x00000000f777b5b8,0x00000000f8080000)
  to   space 33792K, 0% used [0x00000000f9580000,0x00000000f9580000,0x00000000fb680000)
 ParOldGen       total 150528K, used 75629K [0x00000000c0000000, 0x00000000c9300000, 0x00000000eab00000)
  object space 150528K, 50% used [0x00000000c0000000,0x00000000c49db458,0x00000000c9300000)
 Metaspace       used 79774K, capacity 84914K, committed 85040K, reserved 1122304K
  class space    used 10924K, capacity 12510K, committed 12592K, reserved 1048576K
Event: 187.886 GC heap after
Heap after GC invocations=41 (full 5):
 PSYoungGen      total 232960K, used 33778K [0x00000000eab00000, 0x00000000fc280000, 0x0000000100000000)
  eden space 199168K, 0% used [0x00000000eab00000,0x00000000eab00000,0x00000000f6d80000)
  from space 33792K, 99% used [0x00000000f9580000,0x00000000fb67cb70,0x00000000fb680000)
  to   space 40960K, 0% used [0x00000000f6d80000,0x00000000f6d80000,0x00000000f9580000)
 ParOldGen       total 150528K, used 81419K [0x00000000c0000000, 0x00000000c9300000, 0x00000000eab00000)
  object space 150528K, 54% used [0x00000000c0000000,0x00000000c4f82fd8,0x00000000c9300000)
 Metaspace       used 79774K, capacity 84914K, committed 85040K, reserved 1122304K
  class space    used 10924K, capacity 12510K, committed 12592K, reserved 1048576K
}

